This is pdfTeX, Version 3.141592653-2.6-1.40.24 (MiKTeX 21.12) (preloaded format=pdflatex 2022.3.7)  17 MAR 2022 08:26
entering extended mode
 restricted \write18 enabled.
 %&-line parsing enabled.
**./Reporte.tex
(Reporte.tex
LaTeX2e <2021-11-15> patch level 1
L3 programming layer <2021-11-22>
(C:\Users\cafe_\AppData\Local\Programs\MiKTeX\tex/latex/base\article.cls
Document Class: article 2021/10/04 v1.4n Standard LaTeX document class
(C:\Users\cafe_\AppData\Local\Programs\MiKTeX\tex/latex/base\size10.clo
File: size10.clo 2021/10/04 v1.4n Standard LaTeX file (size option)
)
\c@part=\count183
\c@section=\count184
\c@subsection=\count185
\c@subsubsection=\count186
\c@paragraph=\count187
\c@subparagraph=\count188
\c@figure=\count189
\c@table=\count190
\abovecaptionskip=\skip47
\belowcaptionskip=\skip48
\bibindent=\dimen138
)
(C:\Users\cafe_\AppData\Local\Programs\MiKTeX\tex/latex/geometry\geometry.sty
Package: geometry 2020/01/02 v5.9 Page Geometry

(C:\Users\cafe_\AppData\Local\Programs\MiKTeX\tex/latex/graphics\keyval.sty
Package: keyval 2014/10/28 v1.15 key=value parser (DPC)
\KV@toks@=\toks16
)
(C:\Users\cafe_\AppData\Local\Programs\MiKTeX\tex/generic/iftex\ifvtex.sty
Package: ifvtex 2019/10/25 v1.7 ifvtex legacy package. Use iftex instead.

(C:\Users\cafe_\AppData\Local\Programs\MiKTeX\tex/generic/iftex\iftex.sty
Package: iftex 2020/03/06 v1.0d TeX engine tests
))
\Gm@cnth=\count191
\Gm@cntv=\count192
\c@Gm@tempcnt=\count193
\Gm@bindingoffset=\dimen139
\Gm@wd@mp=\dimen140
\Gm@odd@mp=\dimen141
\Gm@even@mp=\dimen142
\Gm@layoutwidth=\dimen143
\Gm@layoutheight=\dimen144
\Gm@layouthoffset=\dimen145
\Gm@layoutvoffset=\dimen146
\Gm@dimlist=\toks17

(C:\Users\cafe_\AppData\Local\Programs\MiKTeX\tex/latex/geometry\geometry.cfg))
(C:\Users\cafe_\AppData\Local\Programs\MiKTeX\tex/latex/xcolor\xcolor.sty
Package: xcolor 2021/10/31 v2.13 LaTeX color extensions (UK)

(C:\Users\cafe_\AppData\Local\Programs\MiKTeX\tex/latex/graphics-cfg\color.cfg
File: color.cfg 2016/01/02 v1.6 sample color configuration
)
Package xcolor Info: Driver file: pdftex.def on input line 227.

(C:\Users\cafe_\AppData\Local\Programs\MiKTeX\tex/latex/graphics-def\pdftex.def
File: pdftex.def 2020/10/05 v1.2a Graphics/color driver for pdftex
)
Package xcolor Info: Model `cmy' substituted by `cmy0' on input line 1352.
Package xcolor Info: Model `hsb' substituted by `rgb' on input line 1356.
Package xcolor Info: Model `RGB' extended on input line 1368.
Package xcolor Info: Model `HTML' substituted by `rgb' on input line 1370.
Package xcolor Info: Model `Hsb' substituted by `hsb' on input line 1371.
Package xcolor Info: Model `tHsb' substituted by `hsb' on input line 1372.
Package xcolor Info: Model `HSB' substituted by `hsb' on input line 1373.
Package xcolor Info: Model `Gray' substituted by `gray' on input line 1374.
Package xcolor Info: Model `wave' substituted by `hsb' on input line 1375.
 (C:\Users\cafe_\AppData\Local\Programs\MiKTeX\tex/latex/graphics\dvipsnam.def
File: dvipsnam.def 2016/06/17 v3.0m Driver-dependent file (DPC,SPQR)
))
(C:\Users\cafe_\AppData\Local\Programs\MiKTeX\tex/latex/mathtools\mathtools.sty
Package: mathtools 2022/02/07 v1.28a mathematical typesetting tools
(C:\Users\cafe_\AppData\Local\Programs\MiKTeX\tex/latex/tools\calc.sty
Package: calc 2017/05/25 v4.3 Infix arithmetic (KKT,FJ)
\calc@Acount=\count194
\calc@Bcount=\count195
\calc@Adimen=\dimen147
\calc@Bdimen=\dimen148
\calc@Askip=\skip49
\calc@Bskip=\skip50
LaTeX Info: Redefining \setlength on input line 80.
LaTeX Info: Redefining \addtolength on input line 81.
\calc@Ccount=\count196
\calc@Cskip=\skip51
)
(C:\Users\cafe_\AppData\Local\Programs\MiKTeX\tex/latex/mathtools\mhsetup.sty
Package: mhsetup 2021/03/18 v1.4 programming setup (MH)
)
(C:\Users\cafe_\AppData\Local\Programs\MiKTeX\tex/latex/amsmath\amsmath.sty
Package: amsmath 2021/10/15 v2.17l AMS math features
\@mathmargin=\skip52

For additional information on amsmath, use the `?' option.
(C:\Users\cafe_\AppData\Local\Programs\MiKTeX\tex/latex/amsmath\amstext.sty
Package: amstext 2021/08/26 v2.01 AMS text

(C:\Users\cafe_\AppData\Local\Programs\MiKTeX\tex/latex/amsmath\amsgen.sty
File: amsgen.sty 1999/11/30 v2.0 generic functions
\@emptytoks=\toks18
\ex@=\dimen149
))
(C:\Users\cafe_\AppData\Local\Programs\MiKTeX\tex/latex/amsmath\amsbsy.sty
Package: amsbsy 1999/11/29 v1.2d Bold Symbols
\pmbraise@=\dimen150
)
(C:\Users\cafe_\AppData\Local\Programs\MiKTeX\tex/latex/amsmath\amsopn.sty
Package: amsopn 2021/08/26 v2.02 operator names
)
\inf@bad=\count197
LaTeX Info: Redefining \frac on input line 234.
\uproot@=\count198
\leftroot@=\count199
LaTeX Info: Redefining \overline on input line 399.
\classnum@=\count266
\DOTSCASE@=\count267
LaTeX Info: Redefining \ldots on input line 496.
LaTeX Info: Redefining \dots on input line 499.
LaTeX Info: Redefining \cdots on input line 620.
\Mathstrutbox@=\box50
\strutbox@=\box51
\big@size=\dimen151
LaTeX Font Info:    Redeclaring font encoding OML on input line 743.
LaTeX Font Info:    Redeclaring font encoding OMS on input line 744.
\macc@depth=\count268
\c@MaxMatrixCols=\count269
\dotsspace@=\muskip16
\c@parentequation=\count270
\dspbrk@lvl=\count271
\tag@help=\toks19
\row@=\count272
\column@=\count273
\maxfields@=\count274
\andhelp@=\toks20
\eqnshift@=\dimen152
\alignsep@=\dimen153
\tagshift@=\dimen154
\tagwidth@=\dimen155
\totwidth@=\dimen156
\lineht@=\dimen157
\@envbody=\toks21
\multlinegap=\skip53
\multlinetaggap=\skip54
\mathdisplay@stack=\toks22
LaTeX Info: Redefining \[ on input line 2938.
LaTeX Info: Redefining \] on input line 2939.
)
\g_MT_multlinerow_int=\count275
\l_MT_multwidth_dim=\dimen158
\origjot=\skip55
\l_MT_shortvdotswithinadjustabove_dim=\dimen159
\l_MT_shortvdotswithinadjustbelow_dim=\dimen160
\l_MT_above_intertext_sep=\dimen161
\l_MT_below_intertext_sep=\dimen162
\l_MT_above_shortintertext_sep=\dimen163
\l_MT_below_shortintertext_sep=\dimen164
\xmathstrut@box=\box52
\xmathstrut@dim=\dimen165
)
(C:\Users\cafe_\AppData\Local\Programs\MiKTeX\tex/latex/booktabs\booktabs.sty
Package: booktabs 2020/01/12 v1.61803398 Publication quality tables
\heavyrulewidth=\dimen166
\lightrulewidth=\dimen167
\cmidrulewidth=\dimen168
\belowrulesep=\dimen169
\belowbottomsep=\dimen170
\aboverulesep=\dimen171
\abovetopsep=\dimen172
\cmidrulesep=\dimen173
\cmidrulekern=\dimen174
\defaultaddspace=\dimen175
\@cmidla=\count276
\@cmidlb=\count277
\@aboverulesep=\dimen176
\@belowrulesep=\dimen177
\@thisruleclass=\count278
\@lastruleclass=\count279
\@thisrulewidth=\dimen178
)
(C:\Users\cafe_\AppData\Local\Programs\MiKTeX\tex/latex/base\latexsym.sty
Package: latexsym 1998/08/17 v2.2e Standard LaTeX package (lasy symbols)
\symlasy=\mathgroup4
LaTeX Font Info:    Overwriting symbol font `lasy' in version `bold'
(Font)                  U/lasy/m/n --> U/lasy/b/n on input line 52.
)
(C:\Users\cafe_\AppData\Local\Programs\MiKTeX\tex/latex/graphics\graphicx.sty
Package: graphicx 2021/09/16 v1.2d Enhanced LaTeX Graphics (DPC,SPQR)

(C:\Users\cafe_\AppData\Local\Programs\MiKTeX\tex/latex/graphics\graphics.sty
Package: graphics 2021/03/04 v1.4d Standard LaTeX Graphics (DPC,SPQR)

(C:\Users\cafe_\AppData\Local\Programs\MiKTeX\tex/latex/graphics\trig.sty
Package: trig 2021/08/11 v1.11 sin cos tan (DPC)
)
(C:\Users\cafe_\AppData\Local\Programs\MiKTeX\tex/latex/graphics-cfg\graphics.c
fg
File: graphics.cfg 2016/06/04 v1.11 sample graphics configuration
)
Package graphics Info: Driver file: pdftex.def on input line 107.
)
\Gin@req@height=\dimen179
\Gin@req@width=\dimen180
)
(C:\Users\cafe_\AppData\Local\Programs\MiKTeX\tex/latex/ncctools\nccmath.sty
Package: nccmath 2006/01/20 v1.3 Additional Math Commands (NCC)
\NCC@fracrulewidth=\dimen181
)
(C:\Users\cafe_\AppData\Local\Programs\MiKTeX\tex/latex/tools\multicol.sty
Package: multicol 2021/10/28 v1.9b multicolumn formatting (FMi)
\c@tracingmulticols=\count280
\mult@box=\box53
\multicol@leftmargin=\dimen182
\c@unbalance=\count281
\c@collectmore=\count282
\doublecol@number=\count283
\multicoltolerance=\count284
\multicolpretolerance=\count285
\full@width=\dimen183
\page@free=\dimen184
\premulticols=\dimen185
\postmulticols=\dimen186
\multicolsep=\skip56
\multicolbaselineskip=\skip57
\partial@page=\box54
\last@line=\box55
\maxbalancingoverflow=\dimen187
\mult@rightbox=\box56
\mult@grightbox=\box57
\mult@firstbox=\box58
\mult@gfirstbox=\box59
\@tempa=\box60
\@tempa=\box61
\@tempa=\box62
\@tempa=\box63
\@tempa=\box64
\@tempa=\box65
\@tempa=\box66
\@tempa=\box67
\@tempa=\box68
\@tempa=\box69
\@tempa=\box70
\@tempa=\box71
\@tempa=\box72
\@tempa=\box73
\@tempa=\box74
\@tempa=\box75
\@tempa=\box76
\@tempa=\box77
\@tempa=\box78
\@tempa=\box79
\@tempa=\box80
\@tempa=\box81
\@tempa=\box82
\@tempa=\box83
\@tempa=\box84
\@tempa=\box85
\@tempa=\box86
\@tempa=\box87
\@tempa=\box88
\@tempa=\box89
\@tempa=\box90
\@tempa=\box91
\@tempa=\box92
\@tempa=\box93
\@tempa=\box94
\@tempa=\box95
\c@minrows=\count286
\c@columnbadness=\count287
\c@finalcolumnbadness=\count288
\last@try=\dimen188
\multicolovershoot=\dimen189
\multicolundershoot=\dimen190
\mult@nat@firstbox=\box96
\colbreak@box=\box97
\mc@col@check@num=\count289
)
(C:\Users\cafe_\AppData\Local\Programs\MiKTeX\tex/latex/listings\listings.sty
\lst@mode=\count290
\lst@gtempboxa=\box98
\lst@token=\toks23
\lst@length=\count291
\lst@currlwidth=\dimen191
\lst@column=\count292
\lst@pos=\count293
\lst@lostspace=\dimen192
\lst@width=\dimen193
\lst@newlines=\count294
\lst@lineno=\count295
\lst@maxwidth=\dimen194

(C:\Users\cafe_\AppData\Local\Programs\MiKTeX\tex/latex/listings\lstmisc.sty
File: lstmisc.sty 2020/03/24 1.8d (Carsten Heinz)
\c@lstnumber=\count296
\lst@skipnumbers=\count297
\lst@framebox=\box99
)
(C:\Users\cafe_\AppData\Local\Programs\MiKTeX\tex/latex/listings\listings.cfg
File: listings.cfg 2020/03/24 1.8d listings configuration
))
Package: listings 2020/03/24 1.8d (Carsten Heinz)
(C:\Users\cafe_\AppData\Local\Programs\MiKTeX\tex/latex/tasks\tasks.sty
(C:\Users\cafe_\AppData\Local\Programs\MiKTeX\tex/latex/l3kernel\expl3.sty
Package: expl3 2021-11-22 L3 programming layer (loader) 

(C:\Users\cafe_\AppData\Local\Programs\MiKTeX\tex/latex/l3backend\l3backend-pdf
tex.def
File: l3backend-pdftex.def 2021-10-18 L3 backend support: PDF output (pdfTeX)
\l__color_backend_stack_int=\count298
\l__pdf_internal_box=\box100
))
(C:\Users\cafe_\AppData\Local\Programs\MiKTeX\tex/latex/l3packages/xparse\xpars
e.sty
Package: xparse 2021-11-12 L3 Experimental document command parser
)
(C:\Users\cafe_\AppData\Local\Programs\MiKTeX\tex/latex/l3packages/xtemplate\xt
emplate.sty
Package: xtemplate 2021-11-12 L3 Experimental prototype document functions
\l__xtemplate_tmp_dim=\dimen195
\l__xtemplate_tmp_int=\count299
\l__xtemplate_tmp_muskip=\muskip17
\l__xtemplate_tmp_skip=\skip58
)
Package: tasks 2022/01/08 v1.4a lists with columns filled horizontally
\g__tasks_total_items_int=\count300
\l__tasks_columns_int=\count301
\g__tasks_rows_int=\count302
\g__tasks_current_col_num_int=\count303
\g__tasks_current_row_num_int=\count304
\l__tasks_item_columns_int=\count305
\g__tasks_env_int=\count306
\l__tasks_start_int=\count307
\l__tasks_item_indent_dim=\dimen196
\l__tasks_item_default_indent_dim=\dimen197
\l__tasks_item_width_dim=\dimen198
\l__tasks_label_width_dim=\dimen199
\l__tasks_label_default_width_dim=\dimen256
\l__tasks_label_offset_dim=\dimen257
\l__tasks_label_default_offset_dim=\dimen258
\l__tasks_column_sep_dim=\dimen259
\l__tasks_correction_dim=\dimen260
\l__tasks_full_width_dim=\dimen261
\l__tasks_after_item_skip=\skip59
\l__tasks_custom_after_item_skip=\skip60
\l__tasks_before_list_skip=\skip61
\l__tasks_after_list_skip=\skip62
\l__tasks_item_coffin=\box101
\l__tasks_label_coffin=\box102
\c@task=\count308
\l__tasks_tmpa_int=\count309
\l__tasks_tmpb_int=\count310
\l__tasks_tmpa_coffin=\box103
\l__tasks_tmpa_box=\box104

Package xtemplate Info: Declaring object type 'tasks' taking 3 argument(s) on
(xtemplate)             line 450.


(C:\Users\cafe_\AppData\Local\Programs\MiKTeX\tex/latex/tasks\tasks.cfg))
(C:\Users\cafe_\AppData\Local\Programs\MiKTeX\tex/latex/float\float.sty
Package: float 2001/11/08 v1.3d Float enhancements (AL)
\c@float@type=\count311
\float@exts=\toks24
\float@box=\box105
\@float@everytoks=\toks25
\@floatcapt=\box106
)
(C:\Users\cafe_\AppData\Local\Programs\MiKTeX\tex/latex/lipsum\lipsum.sty
(C:\Users\cafe_\AppData\Local\Programs\MiKTeX\tex/latex/l3packages/l3keys2e\l3k
eys2e.sty
Package: l3keys2e 2021-11-12 LaTeX2e option processing using LaTeX3 keys
)
Package: lipsum 2021-09-20 v2.7 150 paragraphs of Lorem Ipsum dummy text
\g__lipsum_par_int=\count312
\l__lipsum_a_int=\count313
\l__lipsum_b_int=\count314

(C:\Users\cafe_\AppData\Local\Programs\MiKTeX\tex/latex/lipsum\lipsum.ltd.tex))
(Reporte.aux)
\openout1 = `Reporte.aux'.

LaTeX Font Info:    Checking defaults for OML/cmm/m/it on input line 21.
LaTeX Font Info:    ... okay on input line 21.
LaTeX Font Info:    Checking defaults for OMS/cmsy/m/n on input line 21.
LaTeX Font Info:    ... okay on input line 21.
LaTeX Font Info:    Checking defaults for OT1/cmr/m/n on input line 21.
LaTeX Font Info:    ... okay on input line 21.
LaTeX Font Info:    Checking defaults for T1/cmr/m/n on input line 21.
LaTeX Font Info:    ... okay on input line 21.
LaTeX Font Info:    Checking defaults for TS1/cmr/m/n on input line 21.
LaTeX Font Info:    ... okay on input line 21.
LaTeX Font Info:    Checking defaults for OMX/cmex/m/n on input line 21.
LaTeX Font Info:    ... okay on input line 21.
LaTeX Font Info:    Checking defaults for U/cmr/m/n on input line 21.
LaTeX Font Info:    ... okay on input line 21.

*geometry* driver: auto-detecting
*geometry* detected driver: pdftex
*geometry* verbose mode - [ preamble ] result:
* driver: pdftex
* paper: a4paper
* layout: <same size as paper>
* layoutoffset:(h,v)=(0.0pt,0.0pt)
* modes: 
* h-part:(L,W,R)=(56.9055pt, 483.69687pt, 56.9055pt)
* v-part:(T,H,B)=(56.9055pt, 731.23584pt, 56.9055pt)
* \paperwidth=597.50787pt
* \paperheight=845.04684pt
* \textwidth=483.69687pt
* \textheight=731.23584pt
* \oddsidemargin=-15.36449pt
* \evensidemargin=-15.36449pt
* \topmargin=-52.36449pt
* \headheight=12.0pt
* \headsep=25.0pt
* \topskip=10.0pt
* \footskip=30.0pt
* \marginparwidth=57.0pt
* \marginparsep=11.0pt
* \columnsep=10.0pt
* \skip\footins=9.0pt plus 4.0pt minus 2.0pt
* \hoffset=0.0pt
* \voffset=0.0pt
* \mag=1000
* \@twocolumnfalse
* \@twosidefalse
* \@mparswitchfalse
* \@reversemarginfalse
* (1in=72.27pt=25.4mm, 1cm=28.453pt)


(C:\Users\cafe_\AppData\Local\Programs\MiKTeX\tex/context/base/mkii\supp-pdf.mk
ii
[Loading MPS to PDF converter (version 2006.09.02).]
\scratchcounter=\count315
\scratchdimen=\dimen262
\scratchbox=\box107
\nofMPsegments=\count316
\nofMParguments=\count317
\everyMPshowfont=\toks26
\MPscratchCnt=\count318
\MPscratchDim=\dimen263
\MPnumerator=\count319
\makeMPintoPDFobject=\count320
\everyMPtoPDFconversion=\toks27
)
(C:\Users\cafe_\AppData\Local\Programs\MiKTeX\tex/latex/epstopdf-pkg\epstopdf-b
ase.sty
Package: epstopdf-base 2020-01-24 v2.11 Base part for package epstopdf
Package epstopdf-base Info: Redefining graphics rule for `.eps' on input line 4
85.

(C:\Users\cafe_\AppData\Local\Programs\MiKTeX\tex/latex/00miktex\epstopdf-sys.c
fg
File: epstopdf-sys.cfg 2021/03/18 v2.0 Configuration of epstopdf for MiKTeX
))
\c@lstlisting=\count321
 [1

{C:/Users/cafe_/AppData/Local/MiKTeX/fonts/map/pdftex/pdftex.map}]
(C:\Users\cafe_\AppData\Local\Programs\MiKTeX\tex/latex/listings\lstlang1.sty
File: lstlang1.sty 2020/03/24 1.8d listings language file
)

Package tasks Warning: You've tried setting option `counter-format' on line
(tasks)                70. However, option `counter-format' is deprecated.
(tasks)                Please use option `label' instead. Refer to the manual
(tasks)                for details.

(Reporte.toc
LaTeX Font Info:    Trying to load font information for U+lasy on input line 2.


(C:\Users\cafe_\AppData\Local\Programs\MiKTeX\tex/latex/base\ulasy.fd
File: ulasy.fd 1998/08/17 v2.2e LaTeX symbol font definitions
))
\tf@toc=\write3
\openout3 = `Reporte.toc'.


[1] (Reporte.lof)
\tf@lof=\write4
\openout4 = `Reporte.lof'.

 [2] [3] [4]
<imagenes//Capture.png, id=24, 734.14275pt x 251.7405pt>
File: imagenes//Capture.png Graphic file (type png)
<use imagenes//Capture.png>
Package pdftex.def Info: imagenes//Capture.png  used on input line 136.
(pdftex.def)             Requested size: 396.43118pt x 135.93784pt.
<imagenes//Capture2.png, id=26, 632.96475pt x 498.663pt>
File: imagenes//Capture2.png Graphic file (type png)
<use imagenes//Capture2.png>
Package pdftex.def Info: imagenes//Capture2.png  used on input line 145.
(pdftex.def)             Requested size: 341.79587pt x 269.274pt.
 [5 <./imagenes//Capture.png> <./imagenes//Capture2.png>]
<imagenes//Capture4.png, id=33, 407.121pt x 279.444pt>
File: imagenes//Capture4.png Graphic file (type png)
<use imagenes//Capture4.png>
Package pdftex.def Info: imagenes//Capture4.png  used on input line 169.
(pdftex.def)             Requested size: 219.84207pt x 150.8975pt.
<imagenes//Capture5.png, id=34, 310.15875pt x 209.583pt>
File: imagenes//Capture5.png Graphic file (type png)
<use imagenes//Capture5.png>
Package pdftex.def Info: imagenes//Capture5.png  used on input line 178.
(pdftex.def)             Requested size: 167.48323pt x 113.17313pt.
<imagenes//Capture3.png, id=35, 416.757pt x 154.77824pt>
File: imagenes//Capture3.png Graphic file (type png)
<use imagenes//Capture3.png>
Package pdftex.def Info: imagenes//Capture3.png  used on input line 187.
(pdftex.def)             Requested size: 225.04543pt x 83.579pt.
 [6 <./imagenes//Capture4.png> <./imagenes//Capture5.png> <./imagenes//Capture3
.png>]
<imagenes//Capture6.png, id=43, 538.4115pt x 124.66576pt>
File: imagenes//Capture6.png Graphic file (type png)
<use imagenes//Capture6.png>
Package pdftex.def Info: imagenes//Capture6.png  used on input line 198.
(pdftex.def)             Requested size: 290.73788pt x 67.3185pt.
<imagenes//Capture7.png, id=44, 581.7735pt x 194.52675pt>
File: imagenes//Capture7.png Graphic file (type png)
<use imagenes//Capture7.png>
Package pdftex.def Info: imagenes//Capture7.png  used on input line 207.
(pdftex.def)             Requested size: 314.15302pt x 105.04286pt.
<imagenes//Capture9.png, id=45, 448.074pt x 71.0655pt>
File: imagenes//Capture9.png Graphic file (type png)
<use imagenes//Capture9.png>
Package pdftex.def Info: imagenes//Capture9.png  used on input line 216.
(pdftex.def)             Requested size: 241.95634pt x 38.37479pt.
<imagenes//Capture8.png, id=46, 372.79276pt x 210.7875pt>
File: imagenes//Capture8.png Graphic file (type png)
<use imagenes//Capture8.png>
Package pdftex.def Info: imagenes//Capture8.png  used on input line 225.
(pdftex.def)             Requested size: 201.30508pt x 113.82355pt.
 [7 <./imagenes//Capture6.png> <./imagenes//Capture7.png> <./imagenes//Capture9
.png> <./imagenes//Capture8.png>]
<imagenes//Capture11.png, id=54, 780.516pt x 127.677pt>
File: imagenes//Capture11.png Graphic file (type png)
<use imagenes//Capture11.png>
Package pdftex.def Info: imagenes//Capture11.png  used on input line 242.
(pdftex.def)             Requested size: 421.47237pt x 68.94455pt.
<imagenes//Capture12.png, id=55, 240.9pt x 22.8855pt>
File: imagenes//Capture12.png Graphic file (type png)
<use imagenes//Capture12.png>
Package pdftex.def Info: imagenes//Capture12.png  used on input line 243.
(pdftex.def)             Requested size: 130.08405pt x 12.35797pt.
 [8 <./imagenes//Capture11.png> <./imagenes//Capture12.png>]
<imagenes//Capture10.png, id=61, 786.5385pt x 487.8225pt>
File: imagenes//Capture10.png Graphic file (type png)
<use imagenes//Capture10.png>
Package pdftex.def Info: imagenes//Capture10.png  used on input line 261.
(pdftex.def)             Requested size: 424.72447pt x 263.42023pt.
<imagenes//Capture13.png, id=62, 757.02824pt x 115.632pt>
File: imagenes//Capture13.png Graphic file (type png)
<use imagenes//Capture13.png>
Package pdftex.def Info: imagenes//Capture13.png  used on input line 270.
(pdftex.def)             Requested size: 408.78917pt x 62.44034pt.
<imagenes//Capture14.png, id=63, 763.05075pt x 155.3805pt>
File: imagenes//Capture14.png Graphic file (type png)
<use imagenes//Capture14.png>
Package pdftex.def Info: imagenes//Capture14.png  used on input line 277.
(pdftex.def)             Requested size: 412.04128pt x 83.9042pt.
 [9 <./imagenes//Capture10.png> <./imagenes//Capture13.png> <./imagenes//Captur
e14.png>]
Underfull \hbox (badness 10000) in paragraph at lines 298--300

 []

[10]
Underfull \hbox (badness 6125) in paragraph at lines 309--312
[]\OT1/cmr/m/n/10 De Leon, D.  \OT1/cmr/m/it/10 Tablas en HTML  \OT1/cmr/m/n/1
0 Re-cu-per-ado el 4 de marzo de 2022, de
 []


Underfull \hbox (badness 1571) in paragraph at lines 314--317
[]\OT1/cmr/m/n/10 Conclase  \OT1/cmr/m/it/10 For-mu-la-rios en doc-u-men-tos HT
ML  \OT1/cmr/m/n/10 Re-cu-per-ado el 4 de marzo de 2022, de
 []


Underfull \hbox (badness 2635) in paragraph at lines 319--322
[]\OT1/cmr/m/n/10 OpenWebinars  \OT1/cmr/m/it/10 Que es HTML5  \OT1/cmr/m/n/10 
Re-cu-per-ado el 4 de marzo de 2022, de
 []

[11] (Reporte.aux) ) 
Here is how much of TeX's memory you used:
 6713 strings out of 478659
 117354 string characters out of 2845921
 702621 words of memory out of 3000000
 24731 multiletter control sequences out of 15000+600000
 407713 words of font info for 43 fonts, out of 8000000 for 9000
 1141 hyphenation exceptions out of 8191
 68i,7n,76p,462b,296s stack positions out of 5000i,500n,10000p,200000b,80000s
 <C:\Users\cafe_\AppData\Local\MiKTeX\fonts/pk/ljfour/jknap
pen/ec/dpi600\tcrm1000.pk><C:/Users/cafe_/AppData/Local/Programs/MiKTeX/fonts/t
ype1/public/amsfonts/cm/cmbx10.pfb><C:/Users/cafe_/AppData/Local/Programs/MiKTe
X/fonts/type1/public/amsfonts/cm/cmbx12.pfb><C:/Users/cafe_/AppData/Local/Progr
ams/MiKTeX/fonts/type1/public/amsfonts/cm/cmbxti10.pfb><C:/Users/cafe_/AppData/
Local/Programs/MiKTeX/fonts/type1/public/amsfonts/cm/cmr10.pfb><C:/Users/cafe_/
AppData/Local/Programs/MiKTeX/fonts/type1/public/amsfonts/cm/cmr12.pfb><C:/User
s/cafe_/AppData/Local/Programs/MiKTeX/fonts/type1/public/amsfonts/cm/cmti10.pfb
><C:/Users/cafe_/AppData/Local/Programs/MiKTeX/fonts/type1/public/amsfonts/cm/c
mti12.pfb>
Output written on Reporte.pdf (12 pages, 519151 bytes).
PDF statistics:
 110 PDF objects out of 1000 (max. 8388607)
 0 named destinations out of 1000 (max. 500000)
 71 words of extra memory for PDF output out of 10000 (max. 10000000)

